mode: set
github.com/unaiur/k8s-spark-ui-assist/cmd/spark-ui-assist/main.go:25.13,29.16 3 0
github.com/unaiur/k8s-spark-ui-assist/cmd/spark-ui-assist/main.go:29.16,31.3 1 0
github.com/unaiur/k8s-spark-ui-assist/cmd/spark-ui-assist/main.go:33.2,34.16 2 0
github.com/unaiur/k8s-spark-ui-assist/cmd/spark-ui-assist/main.go:34.16,36.3 1 0
github.com/unaiur/k8s-spark-ui-assist/cmd/spark-ui-assist/main.go:38.2,52.21 8 0
github.com/unaiur/k8s-spark-ui-assist/cmd/spark-ui-assist/main.go:52.21,55.3 2 0
github.com/unaiur/k8s-spark-ui-assist/cmd/spark-ui-assist/main.go:56.2,67.12 6 0
github.com/unaiur/k8s-spark-ui-assist/cmd/spark-ui-assist/main.go:67.12,71.47 4 0
github.com/unaiur/k8s-spark-ui-assist/cmd/spark-ui-assist/main.go:71.47,73.4 1 0
github.com/unaiur/k8s-spark-ui-assist/cmd/spark-ui-assist/main.go:76.2,77.76 2 0
github.com/unaiur/k8s-spark-ui-assist/cmd/spark-ui-assist/main.go:77.76,79.3 1 0
github.com/unaiur/k8s-spark-ui-assist/cmd/spark-ui-assist/main.go:88.50,90.2 1 0
github.com/unaiur/k8s-spark-ui-assist/cmd/spark-ui-assist/main.go:92.57,94.2 1 0
github.com/unaiur/k8s-spark-ui-assist/cmd/spark-ui-assist/main.go:97.45,98.52 1 0
github.com/unaiur/k8s-spark-ui-assist/cmd/spark-ui-assist/main.go:98.52,100.3 1 0
github.com/unaiur/k8s-spark-ui-assist/cmd/spark-ui-assist/main.go:101.2,105.18 2 0
github.com/unaiur/k8s-spark-ui-assist/internal/config/config.go:29.22,41.49 8 0
github.com/unaiur/k8s-spark-ui-assist/internal/config/config.go:41.49,44.3 2 0
github.com/unaiur/k8s-spark-ui-assist/internal/config/config.go:46.2,46.12 1 0
github.com/unaiur/k8s-spark-ui-assist/internal/config/config.go:51.44,53.22 2 1
github.com/unaiur/k8s-spark-ui-assist/internal/config/config.go:53.22,55.3 1 1
github.com/unaiur/k8s-spark-ui-assist/internal/config/config.go:56.2,56.25 1 1
github.com/unaiur/k8s-spark-ui-assist/internal/config/config.go:56.25,58.3 1 1
github.com/unaiur/k8s-spark-ui-assist/internal/config/config.go:59.2,59.30 1 1
github.com/unaiur/k8s-spark-ui-assist/internal/config/config.go:59.30,61.3 1 1
github.com/unaiur/k8s-spark-ui-assist/internal/config/config.go:62.2,62.22 1 1
github.com/unaiur/k8s-spark-ui-assist/internal/config/config.go:62.22,64.3 1 1
github.com/unaiur/k8s-spark-ui-assist/internal/config/config.go:65.2,65.12 1 1
github.com/unaiur/k8s-spark-ui-assist/internal/config/config.go:75.34,77.16 2 1
github.com/unaiur/k8s-spark-ui-assist/internal/config/config.go:77.16,79.3 1 1
github.com/unaiur/k8s-spark-ui-assist/internal/config/config.go:80.2,80.21 1 1
github.com/unaiur/k8s-spark-ui-assist/internal/api/api.go:34.54,35.71 1 1
github.com/unaiur/k8s-spark-ui-assist/internal/api/api.go:35.71,39.50 2 1
github.com/unaiur/k8s-spark-ui-assist/internal/api/api.go:39.50,42.4 2 1
github.com/unaiur/k8s-spark-ui-assist/internal/api/api.go:46.3,46.65 1 1
github.com/unaiur/k8s-spark-ui-assist/internal/api/api.go:46.65,49.4 2 1
github.com/unaiur/k8s-spark-ui-assist/internal/api/api.go:51.3,51.33 1 1
github.com/unaiur/k8s-spark-ui-assist/internal/api/api.go:51.33,54.4 2 1
github.com/unaiur/k8s-spark-ui-assist/internal/api/api.go:56.3,57.17 2 1
github.com/unaiur/k8s-spark-ui-assist/internal/api/api.go:57.17,60.4 2 0
github.com/unaiur/k8s-spark-ui-assist/internal/api/api.go:61.3,61.18 1 1
github.com/unaiur/k8s-spark-ui-assist/internal/api/api.go:61.18,64.4 2 1
github.com/unaiur/k8s-spark-ui-assist/internal/api/api.go:66.3,66.81 1 1
github.com/unaiur/k8s-spark-ui-assist/internal/api/api.go:71.69,75.2 3 1
github.com/unaiur/k8s-spark-ui-assist/internal/k8s/k8s_svc.go:48.90,50.2 1 1
github.com/unaiur/k8s-spark-ui-assist/internal/k8s/k8s_svc.go:64.72,68.16 2 1
github.com/unaiur/k8s-spark-ui-assist/internal/k8s/k8s_svc.go:68.16,70.3 1 0
github.com/unaiur/k8s-spark-ui-assist/internal/k8s/k8s_svc.go:71.2,71.26 1 1
github.com/unaiur/k8s-spark-ui-assist/internal/k8s/k8s_svc.go:71.26,73.3 1 1
github.com/unaiur/k8s-spark-ui-assist/internal/k8s/k8s_svc.go:75.2,76.31 2 1
github.com/unaiur/k8s-spark-ui-assist/internal/k8s/k8s_svc.go:82.93,87.2 4 1
github.com/unaiur/k8s-spark-ui-assist/internal/k8s/k8s_svc.go:91.56,93.2 1 1
github.com/unaiur/k8s-spark-ui-assist/internal/k8s/k8s_svc.go:96.107,100.16 2 1
github.com/unaiur/k8s-spark-ui-assist/internal/k8s/k8s_svc.go:100.16,102.3 1 0
github.com/unaiur/k8s-spark-ui-assist/internal/k8s/k8s_svc.go:103.2,103.24 1 1
github.com/unaiur/k8s-spark-ui-assist/internal/k8s/k8s_svc.go:107.83,109.16 2 1
github.com/unaiur/k8s-spark-ui-assist/internal/k8s/k8s_svc.go:109.16,111.3 1 1
github.com/unaiur/k8s-spark-ui-assist/internal/k8s/k8s_svc.go:112.2,112.17 1 1
github.com/unaiur/k8s-spark-ui-assist/internal/k8s/k8s_svc.go:117.77,119.29 2 1
github.com/unaiur/k8s-spark-ui-assist/internal/k8s/k8s_svc.go:119.29,120.71 1 1
github.com/unaiur/k8s-spark-ui-assist/internal/k8s/k8s_svc.go:120.71,122.4 1 0
github.com/unaiur/k8s-spark-ui-assist/internal/k8s/k8s_svc.go:124.2,124.13 1 1
github.com/unaiur/k8s-spark-ui-assist/internal/k8s/k8s_svc.go:127.57,129.32 2 1
github.com/unaiur/k8s-spark-ui-assist/internal/k8s/k8s_svc.go:129.32,130.66 1 1
github.com/unaiur/k8s-spark-ui-assist/internal/k8s/k8s_svc.go:130.66,131.54 1 1
github.com/unaiur/k8s-spark-ui-assist/internal/k8s/k8s_svc.go:131.54,133.5 1 1
github.com/unaiur/k8s-spark-ui-assist/internal/k8s/k8s_svc.go:136.2,136.27 1 1
github.com/unaiur/k8s-spark-ui-assist/internal/k8s/k8s_svc.go:139.58,141.33 2 1
github.com/unaiur/k8s-spark-ui-assist/internal/k8s/k8s_svc.go:141.33,143.10 2 1
github.com/unaiur/k8s-spark-ui-assist/internal/k8s/k8s_svc.go:143.10,144.12 1 0
github.com/unaiur/k8s-spark-ui-assist/internal/k8s/k8s_svc.go:146.3,148.58 3 1
github.com/unaiur/k8s-spark-ui-assist/internal/k8s/k8s_svc.go:148.58,149.58 1 1
github.com/unaiur/k8s-spark-ui-assist/internal/k8s/k8s_svc.go:149.58,151.5 1 1
github.com/unaiur/k8s-spark-ui-assist/internal/k8s/k8s_svc.go:154.2,154.18 1 1
github.com/unaiur/k8s-spark-ui-assist/internal/k8s/k8s_svc.go:157.61,159.21 2 1
github.com/unaiur/k8s-spark-ui-assist/internal/k8s/k8s_svc.go:159.21,161.3 1 0
github.com/unaiur/k8s-spark-ui-assist/internal/k8s/k8s_svc.go:163.2,163.69 1 1
github.com/unaiur/k8s-spark-ui-assist/internal/k8s/k8s_svc.go:163.69,164.60 1 1
github.com/unaiur/k8s-spark-ui-assist/internal/k8s/k8s_svc.go:164.60,166.4 1 1
github.com/unaiur/k8s-spark-ui-assist/internal/k8s/k8s_svc.go:167.3,167.19 1 1
github.com/unaiur/k8s-spark-ui-assist/internal/k8s/k8s_svc.go:170.2,170.38 1 1
github.com/unaiur/k8s-spark-ui-assist/internal/k8s/k8s_svc.go:170.38,172.3 1 1
github.com/unaiur/k8s-spark-ui-assist/internal/k8s/k8s_svc.go:174.2,174.75 1 1
github.com/unaiur/k8s-spark-ui-assist/internal/k8s/k8s_svc.go:174.75,175.63 1 1
github.com/unaiur/k8s-spark-ui-assist/internal/k8s/k8s_svc.go:175.63,177.4 1 1
github.com/unaiur/k8s-spark-ui-assist/internal/k8s/k8s_svc.go:178.3,178.33 1 1
github.com/unaiur/k8s-spark-ui-assist/internal/k8s/k8s_svc.go:178.33,180.4 1 1
github.com/unaiur/k8s-spark-ui-assist/internal/k8s/k8s_svc.go:181.3,181.17 1 1
github.com/unaiur/k8s-spark-ui-assist/internal/k8s/k8s_svc.go:184.2,184.11 1 0
github.com/unaiur/k8s-spark-ui-assist/internal/k8s/k8s_svc.go:190.61,192.9 2 1
github.com/unaiur/k8s-spark-ui-assist/internal/k8s/k8s_svc.go:192.9,194.3 1 0
github.com/unaiur/k8s-spark-ui-assist/internal/k8s/k8s_svc.go:195.2,195.25 1 1
github.com/unaiur/k8s-spark-ui-assist/internal/k8s/k8s_svc.go:196.13,197.16 1 0
github.com/unaiur/k8s-spark-ui-assist/internal/k8s/k8s_svc.go:198.15,199.16 1 1
github.com/unaiur/k8s-spark-ui-assist/internal/k8s/k8s_svc.go:200.11,201.16 1 0
github.com/unaiur/k8s-spark-ui-assist/internal/k8s/k8s_svc.go:202.10,203.15 1 0
github.com/unaiur/k8s-spark-ui-assist/internal/k8s/k8s_svc.go:209.121,215.53 5 1
github.com/unaiur/k8s-spark-ui-assist/internal/k8s/k8s_svc.go:215.53,238.3 1 1
github.com/unaiur/k8s-spark-ui-assist/internal/k8s/k8s_svc.go:240.2,292.3 1 1
github.com/unaiur/k8s-spark-ui-assist/internal/k8s/k8s_svc.go:297.33,299.2 1 1
github.com/unaiur/k8s-spark-ui-assist/internal/httproute/httproute.go:31.74,33.2 1 1
github.com/unaiur/k8s-spark-ui-assist/internal/httproute/httproute.go:37.63,41.16 3 1
github.com/unaiur/k8s-spark-ui-assist/internal/httproute/httproute.go:41.16,43.3 1 1
github.com/unaiur/k8s-spark-ui-assist/internal/httproute/httproute.go:44.2,44.29 1 1
github.com/unaiur/k8s-spark-ui-assist/internal/httproute/httproute.go:44.29,47.3 2 0
github.com/unaiur/k8s-spark-ui-assist/internal/httproute/httproute.go:49.2,49.58 1 1
github.com/unaiur/k8s-spark-ui-assist/internal/httproute/httproute.go:49.58,50.34 1 0
github.com/unaiur/k8s-spark-ui-assist/internal/httproute/httproute.go:50.34,52.4 1 0
github.com/unaiur/k8s-spark-ui-assist/internal/httproute/httproute.go:53.3,54.9 2 0
github.com/unaiur/k8s-spark-ui-assist/internal/httproute/httproute.go:56.2,56.53 1 1
github.com/unaiur/k8s-spark-ui-assist/internal/httproute/httproute.go:61.67,66.28 4 1
github.com/unaiur/k8s-spark-ui-assist/internal/httproute/httproute.go:66.28,68.3 1 1
github.com/unaiur/k8s-spark-ui-assist/internal/httproute/httproute.go:69.2,69.16 1 1
github.com/unaiur/k8s-spark-ui-assist/internal/httproute/httproute.go:69.16,72.3 2 0
github.com/unaiur/k8s-spark-ui-assist/internal/httproute/httproute.go:73.2,73.53 1 1
github.com/unaiur/k8s-spark-ui-assist/internal/httproute/httproute.go:80.73,83.27 2 1
github.com/unaiur/k8s-spark-ui-assist/internal/httproute/httproute.go:83.27,85.3 1 1
github.com/unaiur/k8s-spark-ui-assist/internal/httproute/httproute.go:88.2,89.16 2 1
github.com/unaiur/k8s-spark-ui-assist/internal/httproute/httproute.go:89.16,92.3 2 0
github.com/unaiur/k8s-spark-ui-assist/internal/httproute/httproute.go:94.2,95.29 2 1
github.com/unaiur/k8s-spark-ui-assist/internal/httproute/httproute.go:95.29,98.39 3 1
github.com/unaiur/k8s-spark-ui-assist/internal/httproute/httproute.go:98.39,100.86 2 1
github.com/unaiur/k8s-spark-ui-assist/internal/httproute/httproute.go:100.86,102.5 1 0
github.com/unaiur/k8s-spark-ui-assist/internal/httproute/httproute.go:106.2,106.36 1 1
github.com/unaiur/k8s-spark-ui-assist/internal/httproute/httproute.go:106.36,107.25 1 1
github.com/unaiur/k8s-spark-ui-assist/internal/httproute/httproute.go:107.25,108.12 1 1
github.com/unaiur/k8s-spark-ui-assist/internal/httproute/httproute.go:110.3,111.109 2 1
github.com/unaiur/k8s-spark-ui-assist/internal/httproute/httproute.go:111.109,113.4 1 0
github.com/unaiur/k8s-spark-ui-assist/internal/server/server.go:47.65,48.71 1 1
github.com/unaiur/k8s-spark-ui-assist/internal/server/server.go:48.71,49.34 1 1
github.com/unaiur/k8s-spark-ui-assist/internal/server/server.go:49.34,52.4 2 1
github.com/unaiur/k8s-spark-ui-assist/internal/server/server.go:54.3,56.43 2 1
github.com/unaiur/k8s-spark-ui-assist/internal/server/server.go:56.43,58.4 1 0
github.com/unaiur/k8s-spark-ui-assist/internal/server/server.go:60.3,62.29 3 1
github.com/unaiur/k8s-spark-ui-assist/internal/server/server.go:62.29,68.4 1 1
github.com/unaiur/k8s-spark-ui-assist/internal/server/server.go:70.3,71.53 2 1
github.com/unaiur/k8s-spark-ui-assist/internal/server/server.go:71.53,73.4 1 0
github.com/unaiur/k8s-spark-ui-assist/internal/server/server.go:79.45,80.11 1 1
github.com/unaiur/k8s-spark-ui-assist/internal/server/server.go:80.11,82.3 1 1
github.com/unaiur/k8s-spark-ui-assist/internal/server/server.go:83.2,89.15 6 1
github.com/unaiur/k8s-spark-ui-assist/internal/server/server.go:89.15,91.3 1 1
github.com/unaiur/k8s-spark-ui-assist/internal/server/server.go:92.2,92.15 1 1
github.com/unaiur/k8s-spark-ui-assist/internal/server/server.go:92.15,94.3 1 1
github.com/unaiur/k8s-spark-ui-assist/internal/server/server.go:95.2,95.77 1 1
github.com/unaiur/k8s-spark-ui-assist/internal/store/store.go:37.36,44.30 5 1
github.com/unaiur/k8s-spark-ui-assist/internal/store/store.go:44.30,46.3 1 1
github.com/unaiur/k8s-spark-ui-assist/internal/store/store.go:49.2,53.55 4 1
github.com/unaiur/k8s-spark-ui-assist/internal/store/store.go:63.19,65.2 1 1
github.com/unaiur/k8s-spark-ui-assist/internal/store/store.go:68.31,72.2 3 1
github.com/unaiur/k8s-spark-ui-assist/internal/store/store.go:75.40,79.2 3 1
github.com/unaiur/k8s-spark-ui-assist/internal/store/store.go:82.33,85.30 3 1
github.com/unaiur/k8s-spark-ui-assist/internal/store/store.go:85.30,87.3 1 1
github.com/unaiur/k8s-spark-ui-assist/internal/store/store.go:88.2,89.12 2 1
github.com/unaiur/k8s-spark-ui-assist/internal/labels/labels.go:25.30,27.2 1 1
github.com/unaiur/k8s-spark-ui-assist/internal/labels/labels.go:31.54,33.2 1 1
github.com/unaiur/k8s-spark-ui-assist/internal/watcher/watcher.go:33.101,38.35 1 1
github.com/unaiur/k8s-spark-ui-assist/internal/watcher/watcher.go:38.35,40.12 2 1
github.com/unaiur/k8s-spark-ui-assist/internal/watcher/watcher.go:40.12,42.6 1 0
github.com/unaiur/k8s-spark-ui-assist/internal/watcher/watcher.go:43.5,43.28 1 1
github.com/unaiur/k8s-spark-ui-assist/internal/watcher/watcher.go:43.28,45.6 1 0
github.com/unaiur/k8s-spark-ui-assist/internal/watcher/watcher.go:46.5,46.26 1 1
github.com/unaiur/k8s-spark-ui-assist/internal/watcher/watcher.go:46.26,48.6 1 1
github.com/unaiur/k8s-spark-ui-assist/internal/watcher/watcher.go:49.5,51.17 3 1
github.com/unaiur/k8s-spark-ui-assist/internal/watcher/watcher.go:51.17,53.6 1 1
github.com/unaiur/k8s-spark-ui-assist/internal/watcher/watcher.go:55.44,57.12 2 1
github.com/unaiur/k8s-spark-ui-assist/internal/watcher/watcher.go:57.12,59.6 1 0
github.com/unaiur/k8s-spark-ui-assist/internal/watcher/watcher.go:60.5,60.28 1 1
github.com/unaiur/k8s-spark-ui-assist/internal/watcher/watcher.go:60.28,62.6 1 0
github.com/unaiur/k8s-spark-ui-assist/internal/watcher/watcher.go:63.5,63.26 1 1
github.com/unaiur/k8s-spark-ui-assist/internal/watcher/watcher.go:63.26,65.18 2 1
github.com/unaiur/k8s-spark-ui-assist/internal/watcher/watcher.go:65.18,67.7 1 1
github.com/unaiur/k8s-spark-ui-assist/internal/watcher/watcher.go:68.6,68.12 1 1
github.com/unaiur/k8s-spark-ui-assist/internal/watcher/watcher.go:70.5,72.17 3 1
github.com/unaiur/k8s-spark-ui-assist/internal/watcher/watcher.go:72.17,74.6 1 1
github.com/unaiur/k8s-spark-ui-assist/internal/watcher/watcher.go:76.38,78.12 2 1
github.com/unaiur/k8s-spark-ui-assist/internal/watcher/watcher.go:78.12,81.13 2 0
github.com/unaiur/k8s-spark-ui-assist/internal/watcher/watcher.go:81.13,84.7 2 0
github.com/unaiur/k8s-spark-ui-assist/internal/watcher/watcher.go:85.6,86.13 2 0
github.com/unaiur/k8s-spark-ui-assist/internal/watcher/watcher.go:86.13,89.7 2 0
github.com/unaiur/k8s-spark-ui-assist/internal/watcher/watcher.go:91.5,91.28 1 1
github.com/unaiur/k8s-spark-ui-assist/internal/watcher/watcher.go:91.28,93.6 1 0
github.com/unaiur/k8s-spark-ui-assist/internal/watcher/watcher.go:94.5,95.17 2 1
github.com/unaiur/k8s-spark-ui-assist/internal/watcher/watcher.go:95.17,97.6 1 1
github.com/unaiur/k8s-spark-ui-assist/internal/watcher/watcher.go:101.2,103.21 2 1
github.com/unaiur/k8s-spark-ui-assist/internal/watcher/watcher.go:103.21,104.13 1 1
github.com/unaiur/k8s-spark-ui-assist/internal/watcher/watcher.go:104.13,105.62 1 1
github.com/unaiur/k8s-spark-ui-assist/internal/watcher/watcher.go:105.62,107.5 1 1
github.com/unaiur/k8s-spark-ui-assist/internal/watcher/watcher.go:111.2,111.26 1 1
github.com/unaiur/k8s-spark-ui-assist/internal/watcher/watcher.go:115.87,119.67 3 1
github.com/unaiur/k8s-spark-ui-assist/internal/watcher/watcher.go:119.67,122.4 2 1
github.com/unaiur/k8s-spark-ui-assist/internal/watcher/watcher.go:123.69,126.4 2 1
github.com/unaiur/k8s-spark-ui-assist/internal/watcher/watcher.go:130.57,133.2 2 1
github.com/unaiur/k8s-spark-ui-assist/internal/watcher/watcher.go:135.56,138.2 2 1
github.com/unaiur/k8s-spark-ui-assist/internal/watcher/watcher.go:140.65,143.24 3 1
github.com/unaiur/k8s-spark-ui-assist/internal/watcher/watcher.go:143.24,145.3 1 1
github.com/unaiur/k8s-spark-ui-assist/internal/watcher/watcher.go:146.2,151.3 1 1
